<?xml version="1.0" encoding="UTF-8"?>
<testng-results skipped="0" failed="0" ignored="0" total="1" passed="1">
  <reporter-output>
  </reporter-output>
  <suite name="Default suite" duration-ms="4246" started-at="2018-02-13T21:21:08Z" finished-at="2018-02-13T21:21:12Z">
    <groups>
    </groups>
    <test name="Default test" duration-ms="4246" started-at="2018-02-13T21:21:08Z" finished-at="2018-02-13T21:21:12Z">
      <class name="Excercises.Excercise8">
        <test-method status="PASS" signature="testExcercise6()[pri:0, instance:Excercises.Excercise8@45820e51]" name="testExcercise6" duration-ms="4220" started-at="2018-02-13T21:21:08Z" finished-at="2018-02-13T21:21:12Z">
          <reporter-output>
          </reporter-output>
        </test-method> <!-- testExcercise6 -->
      </class> <!-- Excercises.Excercise8 -->
    </test> <!-- Default test -->
  </suite> <!-- Default suite -->
</testng-results>
